<?xml version="1.0" encoding="UTF-8" standalone="no"?><testsuite errors="1" failures="0" name="TC [PAS-AUTO-MODERATE] - Validate Profile Auto-Moderation by utilizing Thanos - Attractive &amp; Generous" skipped="0" tests="1" time="374.85" timestamp="2026-03-12 12:21:29"><testcase name="Validation Not Met - Username criteria for Profile Auto-Moderation - Attractive Member (Auto-Approved after First Name Approval)"><error message="no such element: Unable to locate element: {&quot;method&quot;:&quot;xpath&quot;,&quot;selector&quot;:&quot;//strong[text()='Looking For']/../..//span[contains(normalize-space(.),'Reason')]&quot;}&#10;  (Session info: chrome=124.0.6367.207)&#10;For documentation on this error, please visit: https://www.selenium.dev/documentation/webdriver/troubleshooting/errors#nosuchelementexception&#10;Build info: version: '4.39.0', revision: '126f156aee'&#10;System info: os.name: 'Linux', os.arch: 'amd64', os.version: '5.10.0-36-amd64', java.version: '17.0.18'&#10;Driver info: org.openqa.selenium.remote.RemoteWebDriver&#10;Command: [chrome-124-0-7e1058b6-d5ce-43a7-86be-c9d441d46da3, findElement {using=xpath, value=//strong[text()='Looking For']/../..//span[contains(normalize-space(.),'Reason')]}]&#10;Capabilities {acceptInsecureCerts: true, browserName: chrome, browserVersion: 124.0.6367.207, chrome: {chromedriverVersion: 124.0.6367.207 (a9001a6e39f..., userDataDir: /tmp/.org.chromium.Chromium...}, fedcm:accounts: true, goog:chromeOptions: {debuggerAddress: localhost:38447}, networkConnectionEnabled: false, pageLoadStrategy: normal, platformName: linux, proxy: Proxy(), se:cdp: wss://moon.incube8.sg/wd/hu..., se:cdpVersion: 124.0.6367.207, setWindowRect: true, strictFileInteractability: false, timeouts: {implicit: 0, pageLoad: 300000, script: 30000}, unhandledPromptBehavior: ignore, webauthn:extension:credBlob: true, webauthn:extension:largeBlob: true, webauthn:extension:minPinLength: true, webauthn:extension:prf: true, webauthn:virtualAuthenticators: true}&#10;Session ID: chrome-124-0-7e1058b6-d5ce-43a7-86be-c9d441d46da3" type="org.openqa.selenium.NoSuchElementException">no such element: Unable to locate element: {"method":"xpath","selector":"//strong[text()='Looking For']/../..//span[contains(normalize-space(.),'Reason')]"}
  (Session info: chrome=124.0.6367.207)
For documentation on this error, please visit: https://www.selenium.dev/documentation/webdriver/troubleshooting/errors#nosuchelementexception
Build info: version: '4.39.0', revision: '126f156aee'
System info: os.name: 'Linux', os.arch: 'amd64', os.version: '5.10.0-36-amd64', java.version: '17.0.18'
Driver info: org.openqa.selenium.remote.RemoteWebDriver
Command: [chrome-124-0-7e1058b6-d5ce-43a7-86be-c9d441d46da3, findElement {using=xpath, value=//strong[text()='Looking For']/../..//span[contains(normalize-space(.),'Reason')]}]
Capabilities {acceptInsecureCerts: true, browserName: chrome, browserVersion: 124.0.6367.207, chrome: {chromedriverVersion: 124.0.6367.207 (a9001a6e39f..., userDataDir: /tmp/.org.chromium.Chromium...}, fedcm:accounts: true, goog:chromeOptions: {debuggerAddress: localhost:38447}, networkConnectionEnabled: false, pageLoadStrategy: normal, platformName: linux, proxy: Proxy(), se:cdp: wss://moon.incube8.sg/wd/hu..., se:cdpVersion: 124.0.6367.207, setWindowRect: true, strictFileInteractability: false, timeouts: {implicit: 0, pageLoad: 300000, script: 30000}, unhandledPromptBehavior: ignore, webauthn:extension:credBlob: true, webauthn:extension:largeBlob: true, webauthn:extension:minPinLength: true, webauthn:extension:prf: true, webauthn:virtualAuthenticators: true}
Session ID: chrome-124-0-7e1058b6-d5ce-43a7-86be-c9d441d46da3</error><system-err>no such element: Unable to locate element: {"method":"xpath","selector":"//strong[text()='Looking For']/../..//span[contains(normalize-space(.),'Reason')]"}
  (Session info: chrome=124.0.6367.207)
For documentation on this error, please visit: https://www.selenium.dev/documentation/webdriver/troubleshooting/errors#nosuchelementexception
Build info: version: '4.39.0', revision: '126f156aee'
System info: os.name: 'Linux', os.arch: 'amd64', os.version: '5.10.0-36-amd64', java.version: '17.0.18'
Driver info: org.openqa.selenium.remote.RemoteWebDriver
Command: [chrome-124-0-7e1058b6-d5ce-43a7-86be-c9d441d46da3, findElement {using=xpath, value=//strong[text()='Looking For']/../..//span[contains(normalize-space(.),'Reason')]}]
Capabilities {acceptInsecureCerts: true, browserName: chrome, browserVersion: 124.0.6367.207, chrome: {chromedriverVersion: 124.0.6367.207 (a9001a6e39f..., userDataDir: /tmp/.org.chromium.Chromium...}, fedcm:accounts: true, goog:chromeOptions: {debuggerAddress: localhost:38447}, networkConnectionEnabled: false, pageLoadStrategy: normal, platformName: linux, proxy: Proxy(), se:cdp: wss://moon.incube8.sg/wd/hu..., se:cdpVersion: 124.0.6367.207, setWindowRect: true, strictFileInteractability: false, timeouts: {implicit: 0, pageLoad: 300000, script: 30000}, unhandledPromptBehavior: ignore, webauthn:extension:credBlob: true, webauthn:extension:largeBlob: true, webauthn:extension:minPinLength: true, webauthn:extension:prf: true, webauthn:virtualAuthenticators: true}
Session ID: chrome-124-0-7e1058b6-d5ce-43a7-86be-c9d441d46da3
incube8.seeking.definitions.admin.profile.AdminProfileContentDefinitions.shouldSeeDragynReason(AdminProfileContentDefinitions.java:264)
✽.Admin user should see 'Dragyn Reason' for profile update 'Looking For' on 'Admin Profile' page(file:///home/qaadmin/workspace/04-03-(SEEKING-AUTO-MODERATE-PROFILE-PAS)--Thanos-Profile-Auto-Moderation-Not-Met-Criteria-Attractive_Test/target/preprocessed-features/02_signup_and_profile_update/04_02_auto_moderate/04-fraud-ml-profile-moderation/Fraud_ML_Profile_Moderation.feature:110)
</system-err></testcase></testsuite>